<?xml version="1.0" encoding="UTF-8"?>
<testng-results ignored="0" total="1" passed="1" failed="0" skipped="0">
  <reporter-output>
  </reporter-output>
  <suite started-at="2024-05-26T19:18:21Z" name="Default suite" finished-at="2024-05-26T19:18:38Z" duration-ms="16976">
    <groups>
    </groups>
    <test started-at="2024-05-26T19:18:21Z" name="Default test" finished-at="2024-05-26T19:18:38Z" duration-ms="16976">
      <class name="test.AddCustomerTest">
        <test-method signature="userShouldBeAbleToCreateNewCustomer()[pri:0, instance:test.AddCustomerTest@37fbe4a8]" started-at="2024-05-26T19:18:21Z" name="userShouldBeAbleToCreateNewCustomer" finished-at="2024-05-26T19:18:38Z" duration-ms="16947" status="PASS">
          <reporter-output>
          </reporter-output>
        </test-method> <!-- userShouldBeAbleToCreateNewCustomer -->
      </class> <!-- test.AddCustomerTest -->
    </test> <!-- Default test -->
  </suite> <!-- Default suite -->
</testng-results>
